\BOOKMARK [0][-]{chapter.1}{\376\377\0001\000\040\000<\000s\000t\000r\000o\000n\000g\000>\000M\000y\000\040\000C\000o\000m\000p\000l\000e\000x\000<\000/\000s\000t\000r\000o\000n\000g\000>}{}% 1
\BOOKMARK [1][-]{section.1.1}{\376\377\0001\000.\0001\000\040\000I\000n\000t\000e\000g\000r\000a\000n\000t\000e\000s}{chapter.1}% 2
\BOOKMARK [0][-]{chapter.2}{\376\377\0002\000\040\000C\000l\000a\000s\000s\000\040\000I\000n\000d\000e\000x}{}% 3
\BOOKMARK [1][-]{section.2.1}{\376\377\0002\000.\0001\000\040\000C\000l\000a\000s\000s\000\040\000L\000i\000s\000t}{chapter.2}% 4
\BOOKMARK [0][-]{chapter.3}{\376\377\0003\000\040\000F\000i\000l\000e\000\040\000I\000n\000d\000e\000x}{}% 5
\BOOKMARK [1][-]{section.3.1}{\376\377\0003\000.\0001\000\040\000F\000i\000l\000e\000\040\000L\000i\000s\000t}{chapter.3}% 6
\BOOKMARK [0][-]{chapter.4}{\376\377\0004\000\040\000C\000l\000a\000s\000s\000\040\000D\000o\000c\000u\000m\000e\000n\000t\000a\000t\000i\000o\000n}{}% 7
\BOOKMARK [1][-]{section.4.1}{\376\377\0004\000.\0001\000\040\000c\000o\000m\000p\000l\000e\000x\000o\000\040\000S\000t\000r\000u\000c\000t\000\040\000R\000e\000f\000e\000r\000e\000n\000c\000e}{chapter.4}% 8
\BOOKMARK [2][-]{subsection.4.1.1}{\376\377\0004\000.\0001\000.\0001\000\040\000M\000e\000m\000b\000e\000r\000\040\000D\000a\000t\000a\000\040\000D\000o\000c\000u\000m\000e\000n\000t\000a\000t\000i\000o\000n}{section.4.1}% 9
\BOOKMARK [3][-]{subsubsection.4.1.1.1}{\376\377\0004\000.\0001\000.\0001\000.\0001\000\040\000i\000m\000g}{subsection.4.1.1}% 10
\BOOKMARK [3][-]{subsubsection.4.1.1.2}{\376\377\0004\000.\0001\000.\0001\000.\0002\000\040\000r\000e\000a\000l}{subsection.4.1.1}% 11
\BOOKMARK [0][-]{chapter.5}{\376\377\0005\000\040\000F\000i\000l\000e\000\040\000D\000o\000c\000u\000m\000e\000n\000t\000a\000t\000i\000o\000n}{}% 12
\BOOKMARK [1][-]{section.5.1}{\376\377\0005\000.\0001\000\040\000m\000a\000i\000n\000.\000c\000\040\000F\000i\000l\000e\000\040\000R\000e\000f\000e\000r\000e\000n\000c\000e}{chapter.5}% 13
\BOOKMARK [2][-]{subsection.5.1.1}{\376\377\0005\000.\0001\000.\0001\000\040\000F\000u\000n\000c\000t\000i\000o\000n\000\040\000D\000o\000c\000u\000m\000e\000n\000t\000a\000t\000i\000o\000n}{section.5.1}% 14
\BOOKMARK [3][-]{subsubsection.5.1.1.1}{\376\377\0005\000.\0001\000.\0001\000.\0001\000\040\000m\000a\000i\000n\000\050\000\051}{subsection.5.1.1}% 15
\BOOKMARK [1][-]{section.5.2}{\376\377\0005\000.\0002\000\040\000m\000a\000i\000n\000p\000a\000g\000e\000.\000m\000d\000\040\000F\000i\000l\000e\000\040\000R\000e\000f\000e\000r\000e\000n\000c\000e}{chapter.5}% 16
\BOOKMARK [1][-]{section.5.3}{\376\377\0005\000.\0003\000\040\000m\000a\000t\000r\000i\000z\000e\000s\000.\000c\000\040\000F\000i\000l\000e\000\040\000R\000e\000f\000e\000r\000e\000n\000c\000e}{chapter.5}% 17
\BOOKMARK [2][-]{subsection.5.3.1}{\376\377\0005\000.\0003\000.\0001\000\040\000F\000u\000n\000c\000t\000i\000o\000n\000\040\000D\000o\000c\000u\000m\000e\000n\000t\000a\000t\000i\000o\000n}{section.5.3}% 18
\BOOKMARK [3][-]{subsubsection.5.3.1.1}{\376\377\0005\000.\0003\000.\0001\000.\0001\000\040\000a\000l\000l\000o\000c\000a\000t\000e\000C\000o\000m\000p\000l\000e\000x\000M\000a\000t\000r\000i\000x\000\050\000\051}{subsection.5.3.1}% 19
\BOOKMARK [3][-]{subsubsection.5.3.1.2}{\376\377\0005\000.\0003\000.\0001\000.\0002\000\040\000c\000o\000n\000j\000u\000g\000a\000d\000a\000\050\000\051}{subsection.5.3.1}% 20
\BOOKMARK [3][-]{subsubsection.5.3.1.3}{\376\377\0005\000.\0003\000.\0001\000.\0003\000\040\000h\000e\000r\000m\000e\000t\000i\000a\000n\000a\000\050\000\051}{subsection.5.3.1}% 21
\BOOKMARK [3][-]{subsubsection.5.3.1.4}{\376\377\0005\000.\0003\000.\0001\000.\0004\000\040\000m\000u\000l\000t\000c\000o\000m\000p\000\050\000\051}{subsection.5.3.1}% 22
\BOOKMARK [3][-]{subsubsection.5.3.1.5}{\376\377\0005\000.\0003\000.\0001\000.\0005\000\040\000p\000r\000i\000n\000t\000C\000o\000m\000p\000l\000e\000x\000\050\000\051}{subsection.5.3.1}% 23
\BOOKMARK [3][-]{subsubsection.5.3.1.6}{\376\377\0005\000.\0003\000.\0001\000.\0006\000\040\000p\000r\000o\000d\000u\000t\000o\000\137\000i\000n\000t\000e\000r\000n\000o\000\050\000\051}{subsection.5.3.1}% 24
\BOOKMARK [3][-]{subsubsection.5.3.1.7}{\376\377\0005\000.\0003\000.\0001\000.\0007\000\040\000p\000r\000o\000d\000u\000t\000o\000\137\000m\000a\000t\000r\000i\000c\000i\000a\000l\000\050\000\051}{subsection.5.3.1}% 25
\BOOKMARK [3][-]{subsubsection.5.3.1.8}{\376\377\0005\000.\0003\000.\0001\000.\0008\000\040\000p\000r\000o\000d\000u\000t\000o\000\137\000p\000o\000r\000\137\000e\000s\000c\000a\000l\000a\000r\000\050\000\051}{subsection.5.3.1}% 26
\BOOKMARK [3][-]{subsubsection.5.3.1.9}{\376\377\0005\000.\0003\000.\0001\000.\0009\000\040\000s\000o\000m\000a\000\050\000\051}{subsection.5.3.1}% 27
\BOOKMARK [3][-]{subsubsection.5.3.1.10}{\376\377\0005\000.\0003\000.\0001\000.\0001\0000\000\040\000s\000o\000m\000a\000\137\000c\000o\000m\000p\000l\000e\000x\000o\000\050\000\051}{subsection.5.3.1}% 28
\BOOKMARK [3][-]{subsubsection.5.3.1.11}{\376\377\0005\000.\0003\000.\0001\000.\0001\0001\000\040\000s\000u\000b\000t\000r\000a\000c\000a\000o\000\050\000\051}{subsection.5.3.1}% 29
\BOOKMARK [3][-]{subsubsection.5.3.1.12}{\376\377\0005\000.\0003\000.\0001\000.\0001\0002\000\040\000t\000e\000s\000t\000e\000\137\000c\000o\000n\000j\000u\000g\000a\000d\000a\000\050\000\051}{subsection.5.3.1}% 30
\BOOKMARK [3][-]{subsubsection.5.3.1.13}{\376\377\0005\000.\0003\000.\0001\000.\0001\0003\000\040\000t\000e\000s\000t\000e\000\137\000h\000e\000r\000m\000e\000t\000i\000a\000n\000a\000\050\000\051}{subsection.5.3.1}% 31
\BOOKMARK [3][-]{subsubsection.5.3.1.14}{\376\377\0005\000.\0003\000.\0001\000.\0001\0004\000\040\000t\000e\000s\000t\000e\000\137\000p\000r\000o\000d\000u\000t\000o\000\137\000i\000n\000t\000e\000r\000n\000o\000\050\000\051}{subsection.5.3.1}% 32
\BOOKMARK [3][-]{subsubsection.5.3.1.15}{\376\377\0005\000.\0003\000.\0001\000.\0001\0005\000\040\000t\000e\000s\000t\000e\000\137\000p\000r\000o\000d\000u\000t\000o\000\137\000m\000a\000t\000r\000i\000c\000i\000a\000l\000\050\000\051}{subsection.5.3.1}% 33
\BOOKMARK [3][-]{subsubsection.5.3.1.16}{\376\377\0005\000.\0003\000.\0001\000.\0001\0006\000\040\000t\000e\000s\000t\000e\000\137\000p\000r\000o\000d\000u\000t\000o\000\137\000p\000o\000r\000\137\000e\000s\000c\000a\000l\000a\000r\000\050\000\051}{subsection.5.3.1}% 34
\BOOKMARK [3][-]{subsubsection.5.3.1.17}{\376\377\0005\000.\0003\000.\0001\000.\0001\0007\000\040\000t\000e\000s\000t\000e\000\137\000s\000o\000m\000a\000\050\000\051}{subsection.5.3.1}% 35
\BOOKMARK [3][-]{subsubsection.5.3.1.18}{\376\377\0005\000.\0003\000.\0001\000.\0001\0008\000\040\000t\000e\000s\000t\000e\000\137\000s\000u\000b\000t\000r\000a\000c\000a\000o\000\050\000\051}{subsection.5.3.1}% 36
\BOOKMARK [3][-]{subsubsection.5.3.1.19}{\376\377\0005\000.\0003\000.\0001\000.\0001\0009\000\040\000t\000e\000s\000t\000e\000\137\000t\000o\000d\000o\000s\000\050\000\051}{subsection.5.3.1}% 37
\BOOKMARK [3][-]{subsubsection.5.3.1.20}{\376\377\0005\000.\0003\000.\0001\000.\0002\0000\000\040\000t\000e\000s\000t\000e\000\137\000t\000r\000a\000n\000s\000p\000o\000s\000t\000a\000\050\000\051}{subsection.5.3.1}% 38
\BOOKMARK [3][-]{subsubsection.5.3.1.21}{\376\377\0005\000.\0003\000.\0001\000.\0002\0001\000\040\000t\000r\000a\000n\000s\000p\000o\000s\000t\000a\000\050\000\051}{subsection.5.3.1}% 39
\BOOKMARK [1][-]{section.5.4}{\376\377\0005\000.\0004\000\040\000m\000a\000t\000r\000i\000z\000e\000s\000.\000h\000\040\000F\000i\000l\000e\000\040\000R\000e\000f\000e\000r\000e\000n\000c\000e}{chapter.5}% 40
\BOOKMARK [2][-]{subsection.5.4.1}{\376\377\0005\000.\0004\000.\0001\000\040\000T\000y\000p\000e\000d\000e\000f\000\040\000D\000o\000c\000u\000m\000e\000n\000t\000a\000t\000i\000o\000n}{section.5.4}% 41
\BOOKMARK [3][-]{subsubsection.5.4.1.1}{\376\377\0005\000.\0004\000.\0001\000.\0001\000\040\000c\000o\000m\000p\000l\000e\000x\000o}{subsection.5.4.1}% 42
\BOOKMARK [2][-]{subsection.5.4.2}{\376\377\0005\000.\0004\000.\0002\000\040\000F\000u\000n\000c\000t\000i\000o\000n\000\040\000D\000o\000c\000u\000m\000e\000n\000t\000a\000t\000i\000o\000n}{section.5.4}% 43
\BOOKMARK [3][-]{subsubsection.5.4.2.1}{\376\377\0005\000.\0004\000.\0002\000.\0001\000\040\000a\000l\000l\000o\000c\000a\000t\000e\000C\000o\000m\000p\000l\000e\000x\000M\000a\000t\000r\000i\000x\000\050\000\051}{subsection.5.4.2}% 44
\BOOKMARK [3][-]{subsubsection.5.4.2.2}{\376\377\0005\000.\0004\000.\0002\000.\0002\000\040\000c\000o\000n\000j\000u\000g\000a\000d\000a\000\050\000\051}{subsection.5.4.2}% 45
\BOOKMARK [3][-]{subsubsection.5.4.2.3}{\376\377\0005\000.\0004\000.\0002\000.\0003\000\040\000h\000e\000r\000m\000e\000t\000i\000a\000n\000a\000\050\000\051}{subsection.5.4.2}% 46
\BOOKMARK [3][-]{subsubsection.5.4.2.4}{\376\377\0005\000.\0004\000.\0002\000.\0004\000\040\000L\000i\000b\000e\000r\000a\000r\000M\000a\000t\000r\000i\000z\000\050\000\051}{subsection.5.4.2}% 47
\BOOKMARK [3][-]{subsubsection.5.4.2.5}{\376\377\0005\000.\0004\000.\0002\000.\0005\000\040\000m\000u\000l\000t\000c\000o\000m\000p\000\050\000\051}{subsection.5.4.2}% 48
\BOOKMARK [3][-]{subsubsection.5.4.2.6}{\376\377\0005\000.\0004\000.\0002\000.\0006\000\040\000p\000r\000i\000n\000t\000C\000o\000m\000p\000l\000e\000x\000\050\000\051}{subsection.5.4.2}% 49
\BOOKMARK [3][-]{subsubsection.5.4.2.7}{\376\377\0005\000.\0004\000.\0002\000.\0007\000\040\000p\000r\000o\000d\000u\000t\000o\000\137\000i\000n\000t\000e\000r\000n\000o\000\050\000\051}{subsection.5.4.2}% 50
\BOOKMARK [3][-]{subsubsection.5.4.2.8}{\376\377\0005\000.\0004\000.\0002\000.\0008\000\040\000p\000r\000o\000d\000u\000t\000o\000\137\000m\000a\000t\000r\000i\000c\000i\000a\000l\000\050\000\051}{subsection.5.4.2}% 51
\BOOKMARK [3][-]{subsubsection.5.4.2.9}{\376\377\0005\000.\0004\000.\0002\000.\0009\000\040\000s\000o\000m\000a\000\050\000\051}{subsection.5.4.2}% 52
\BOOKMARK [3][-]{subsubsection.5.4.2.10}{\376\377\0005\000.\0004\000.\0002\000.\0001\0000\000\040\000s\000o\000m\000a\000\137\000c\000o\000m\000p\000l\000e\000x\000o\000\050\000\051}{subsection.5.4.2}% 53
\BOOKMARK [3][-]{subsubsection.5.4.2.11}{\376\377\0005\000.\0004\000.\0002\000.\0001\0001\000\040\000s\000u\000b\000t\000r\000a\000c\000a\000o\000\050\000\051}{subsection.5.4.2}% 54
\BOOKMARK [3][-]{subsubsection.5.4.2.12}{\376\377\0005\000.\0004\000.\0002\000.\0001\0002\000\040\000t\000e\000s\000t\000e\000\137\000c\000o\000n\000j\000u\000g\000a\000d\000a\000\050\000\051}{subsection.5.4.2}% 55
\BOOKMARK [3][-]{subsubsection.5.4.2.13}{\376\377\0005\000.\0004\000.\0002\000.\0001\0003\000\040\000t\000e\000s\000t\000e\000\137\000h\000e\000r\000m\000e\000t\000i\000a\000n\000a\000\050\000\051}{subsection.5.4.2}% 56
\BOOKMARK [3][-]{subsubsection.5.4.2.14}{\376\377\0005\000.\0004\000.\0002\000.\0001\0004\000\040\000t\000e\000s\000t\000e\000\137\000p\000r\000o\000d\000u\000t\000o\000\137\000i\000n\000t\000e\000r\000n\000o\000\050\000\051}{subsection.5.4.2}% 57
\BOOKMARK [3][-]{subsubsection.5.4.2.15}{\376\377\0005\000.\0004\000.\0002\000.\0001\0005\000\040\000t\000e\000s\000t\000e\000\137\000p\000r\000o\000d\000u\000t\000o\000\137\000m\000a\000t\000r\000i\000c\000i\000a\000l\000\050\000\051}{subsection.5.4.2}% 58
\BOOKMARK [3][-]{subsubsection.5.4.2.16}{\376\377\0005\000.\0004\000.\0002\000.\0001\0006\000\040\000t\000e\000s\000t\000e\000\137\000s\000o\000m\000a\000\050\000\051}{subsection.5.4.2}% 59
\BOOKMARK [3][-]{subsubsection.5.4.2.17}{\376\377\0005\000.\0004\000.\0002\000.\0001\0007\000\040\000t\000e\000s\000t\000e\000\137\000s\000u\000b\000t\000r\000a\000c\000a\000o\000\050\000\051}{subsection.5.4.2}% 60
\BOOKMARK [3][-]{subsubsection.5.4.2.18}{\376\377\0005\000.\0004\000.\0002\000.\0001\0008\000\040\000t\000e\000s\000t\000e\000\137\000t\000o\000d\000o\000s\000\050\000\051}{subsection.5.4.2}% 61
\BOOKMARK [3][-]{subsubsection.5.4.2.19}{\376\377\0005\000.\0004\000.\0002\000.\0001\0009\000\040\000t\000e\000s\000t\000e\000\137\000t\000r\000a\000n\000s\000p\000o\000s\000t\000a\000\050\000\051}{subsection.5.4.2}% 62
\BOOKMARK [3][-]{subsubsection.5.4.2.20}{\376\377\0005\000.\0004\000.\0002\000.\0002\0000\000\040\000t\000r\000a\000n\000s\000p\000o\000s\000t\000a\000\050\000\051}{subsection.5.4.2}% 63
\BOOKMARK [0][-]{section*.11}{\376\377\000I\000n\000d\000e\000x}{}% 64
